<?xml version="1.0" encoding="UTF-8"?>
<!-- Generated by org.testng.reporters.JUnitReportReporter -->
<testsuite hostname="DESKTOP-3IM9P2V" failures="0" tests="1" name="com.api.tests.LoginAPITest3" time="1.734" errors="0" timestamp="2025-05-05T21:14:40 IST" skipped="0">
  <testcase classname="com.api.tests.LoginAPITest3" name="loginTest" time="1.734"/>
</testsuite> <!-- com.api.tests.LoginAPITest3 -->
