<?xml version="1.0" encoding="UTF-8"?>
<!-- Generated by org.testng.reporters.JUnitReportReporter -->
<testsuite hostname="DESKTOP-3IM9P2V" failures="0" tests="1" name="com.api.tests.test1$LoginAPITest" time="1.602" errors="0" timestamp="2025-05-05T20:05:00 IST" skipped="0">
  <testcase classname="com.api.tests.test1$LoginAPITest" name="loginTest" time="1.602"/>
</testsuite> <!-- com.api.tests.test1$LoginAPITest -->
